<?xml version="1.0" encoding="UTF-8"?>
<testsuite xmlns:xsi="http://www.w3.org/2001/XMLSchema-instance" xsi:noNamespaceSchemaLocation="https://maven.apache.org/surefire/maven-surefire-plugin/xsd/surefire-test-report-3.0.xsd" version="3.0" name="com.lifeos.application.usecase.workspace.CreateDashboardServiceIT" time="5.037" tests="3" errors="0" skipped="0" failures="0">
  <properties>
[...]
</properties>
  <testcase name="execute_convergesToOneRowAcrossReruns" classname="com.lifeos.application.usecase.workspace.CreateDashboardServiceIT" time="0.383">
    <system-out><![CDATA[16:45:18.773 [main] INFO org.springframework.boot.test.context.SpringBootTestContextBootstrapper -- Found @SpringBootConfiguration com.lifeos.LifeOsApplication for test class com.lifeos.application.usecase.workspace.CreateDashboardServiceIT
16:45:18.829 [main] INFO org.testcontainers.images.PullPolicy -- Image pull policy will be performed by: DefaultPullPolicy()
16:45:18.830 [main] INFO org.testcontainers.utility.ImageNameSubstitutor -- Image name substitution will be performed by: DefaultImageNameSubstitutor (composite of 'ConfigurationFileImageNameSubstitutor' and 'PrefixingImageNameSubstitutor')
16:45:18.848 [main] INFO org.testcontainers.DockerClientFactory -- Testcontainers version: 1.20.1
16:45:18.915 [main] INFO org.testcontainers.dockerclient.DockerClientProviderStrategy -- Loaded org.testcontainers.dockerclient.UnixSocketClientProviderStrategy from ~/.testcontainers.properties, will try it first
16:45:19.087 [main] INFO org.testcontainers.dockerclient.DockerClientProviderStrategy -- Found Docker environment with local Unix socket (unix:///var/run/docker.sock)
16:45:19.088 [main] INFO org.testcontainers.DockerClientFactory -- Docker host IP address is localhost
16:45:19.123 [main] INFO org.testcontainers.DockerClientFactory -- Connected to docker: 
  Server Version: 5.3.2
  API Version: 1.41
  Operating System: fedora
  Total Memory: 1948 MB
16:45:19.153 [main] INFO tc.testcontainers/ryuk:0.8.1 -- Creating container for image: testcontainers/ryuk:0.8.1
16:45:19.155 [main] INFO org.testcontainers.utility.RegistryAuthLocator -- Failure when attempting to lookup auth config. Please ignore if you don't have images in an authenticated registry. Details: (dockerImageName: testcontainers/ryuk:0.8.1, configFile: /Users/hismaili/.docker/config.json, configEnv: DOCKER_AUTH_CONFIG). Falling back to docker-java default behaviour. Exception message: Status 404: No config supplied. Checked in order: /Users/hismaili/.docker/config.json (file not found), DOCKER_AUTH_CONFIG (not set)
16:45:19.198 [main] INFO tc.testcontainers/ryuk:0.8.1 -- Container testcontainers/ryuk:0.8.1 is starting: 7e4f5fda8025df3d3b5c9616668cf27620b51cacfee1728ad267e10f5549ec26
16:45:19.333 [main] INFO tc.testcontainers/ryuk:0.8.1 -- Container testcontainers/ryuk:0.8.1 started in PT0.180464S
16:45:19.338 [main] INFO org.testcontainers.utility.RyukResourceReaper -- Ryuk started - will monitor and terminate Testcontainers containers on JVM exit
16:45:19.338 [main] INFO org.testcontainers.DockerClientFactory -- Checking the system...
16:45:19.338 [main] INFO org.testcontainers.DockerClientFactory -- ✔︎ Docker server version should be at least 1.6.0
16:45:19.343 [main] INFO tc.postgres:16-alpine -- Creating container for image: postgres:16-alpine
16:45:19.354 [main] INFO tc.postgres:16-alpine -- Container postgres:16-alpine is starting: 613f8bb078eb7abadd511ffe06cdd9ede153f10a293884fb881ffd6d7124a526
16:45:20.563 [main] INFO tc.postgres:16-alpine -- Container postgres:16-alpine started in PT1.220092S
16:45:20.564 [main] INFO tc.postgres:16-alpine -- Container is started (JDBC URL: jdbc:postgresql://localhost:39281/test?loggerLevel=OFF)

  .   ____          _            __ _ _
 /\\ / ___'_ __ _ _(_)_ __  __ _ \ \ \ \
( ( )\___ | '_ | '_| | '_ \/ _` | \ \ \ \
 \\/  ___)| |_)| | | | | || (_| |  ) ) ) )
  '  |____| .__|_| |_|_| |_\__, | / / / /
 =========|_|==============|___/=/_/_/_/

 :: Spring Boot ::                (v3.3.2)

2026-08-05T16:45:20.706+02:00  INFO 65748 --- [           main] c.l.a.u.w.CreateDashboardServiceIT       : Starting CreateDashboardServiceIT using Java 23.0.2 with PID 65748 (started by hismaili in /Users/hismaili/perso/applications/life-os/backend)
2026-08-05T16:45:20.706+02:00  INFO 65748 --- [           main] c.l.a.u.w.CreateDashboardServiceIT       : No active profile set, falling back to 1 default profile: "default"
2026-08-05T16:45:21.021+02:00  INFO 65748 --- [           main] .s.d.r.c.RepositoryConfigurationDelegate : Bootstrapping Spring Data JPA repositories in DEFAULT mode.
2026-08-05T16:45:21.097+02:00  INFO 65748 --- [           main] .s.d.r.c.RepositoryConfigurationDelegate : Finished Spring Data repository scanning in 72 ms. Found 1 JPA repository interface.
2026-08-05T16:45:21.371+02:00  INFO 65748 --- [           main] com.zaxxer.hikari.HikariDataSource       : HikariPool-1 - Starting...
2026-08-05T16:45:21.468+02:00  INFO 65748 --- [           main] com.zaxxer.hikari.pool.HikariPool        : HikariPool-1 - Added connection org.postgresql.jdbc.PgConnection@93fb44
2026-08-05T16:45:21.469+02:00  INFO 65748 --- [           main] com.zaxxer.hikari.HikariDataSource       : HikariPool-1 - Start completed.
2026-08-05T16:45:21.486+02:00  INFO 65748 --- [           main] org.flywaydb.core.FlywayExecutor         : Database: jdbc:postgresql://localhost:39281/test (PostgreSQL 16.14)
2026-08-05T16:45:21.507+02:00  INFO 65748 --- [           main] o.f.c.i.s.JdbcTableSchemaHistory         : Schema history table "public"."flyway_schema_history" does not exist yet
2026-08-05T16:45:21.508+02:00  INFO 65748 --- [           main] o.f.core.internal.command.DbValidate     : Successfully validated 1 migration (execution time 00:00.008s)
2026-08-05T16:45:21.519+02:00  INFO 65748 --- [           main] o.f.c.i.s.JdbcTableSchemaHistory         : Creating Schema History table "public"."flyway_schema_history" ...
2026-08-05T16:45:21.565+02:00  INFO 65748 --- [           main] o.f.core.internal.command.DbMigrate      : Current version of schema "public": << Empty Schema >>
2026-08-05T16:45:21.571+02:00  INFO 65748 --- [           main] o.f.core.internal.command.DbMigrate      : Migrating schema "public" to version "1 - create workspace tables"
2026-08-05T16:45:21.595+02:00  INFO 65748 --- [           main] o.f.core.internal.command.DbMigrate      : Successfully applied 1 migration to schema "public", now at version v1 (execution time 00:00.011s)
2026-08-05T16:45:21.641+02:00  INFO 65748 --- [           main] o.hibernate.jpa.internal.util.LogHelper  : HHH000204: Processing PersistenceUnitInfo [name: default]
2026-08-05T16:45:21.665+02:00  INFO 65748 --- [           main] org.hibernate.Version                    : HHH000412: Hibernate ORM core version 6.5.2.Final
2026-08-05T16:45:21.679+02:00  INFO 65748 --- [           main] o.h.c.internal.RegionFactoryInitiator    : HHH000026: Second-level cache disabled
2026-08-05T16:45:21.808+02:00  INFO 65748 --- [           main] o.s.o.j.p.SpringPersistenceUnitInfo      : No LoadTimeWeaver setup: ignoring JPA class transformer
2026-08-05T16:45:22.254+02:00  INFO 65748 --- [           main] o.h.e.t.j.p.i.JtaPlatformInitiator       : HHH000489: No JTA platform available (set 'hibernate.transaction.jta.platform' to enable JTA platform integration)
2026-08-05T16:45:22.255+02:00  INFO 65748 --- [           main] j.LocalContainerEntityManagerFactoryBean : Initialized JPA EntityManagerFactory for persistence unit 'default'
2026-08-05T16:45:22.551+02:00  WARN 65748 --- [           main] JpaBaseConfiguration$JpaWebConfiguration : spring.jpa.open-in-view is enabled by default. Therefore, database queries may be performed during view rendering. Explicitly configure spring.jpa.open-in-view to disable this warning
2026-08-05T16:45:23.018+02:00  WARN 65748 --- [           main] org.jline                                : Unable to create a system terminal, creating a dumb terminal (enable debug logging for more information)
2026-08-05T16:45:23.116+02:00  INFO 65748 --- [           main] c.l.a.u.w.CreateDashboardServiceIT       : Started CreateDashboardServiceIT in 2.525 seconds (process running for 4.814)
2026-08-05T16:45:23.488+02:00  INFO 65748 --- [           main] c.l.a.u.w.CreateDashboardService         : Dashboard findRootByIdentity for workspace c582fa42-7256-4dd3-9b07-58f5a8c8ab37: found=false
2026-08-05T16:45:23.497+02:00  INFO 65748 --- [           main] c.l.a.u.w.CreateDashboardService         : Dashboard step for workspace c582fa42-7256-4dd3-9b07-58f5a8c8ab37: priorLedgerId=none, outcome=CREATED
2026-08-05T16:45:23.500+02:00  INFO 65748 --- [           main] c.l.a.u.w.CreateDashboardService         : Dashboard verifyPage for workspace c582fa42-7256-4dd3-9b07-58f5a8c8ab37: notionId=7eda8948-19b4-475b-b50a-ad8267d70923, result=PRESENT_MATCHING
2026-08-05T16:45:23.500+02:00  INFO 65748 --- [           main] c.l.a.u.w.CreateDashboardService         : Dashboard step for workspace c582fa42-7256-4dd3-9b07-58f5a8c8ab37: priorLedgerId=7eda8948-19b4-475b-b50a-ad8267d70923, outcome=RECONCILED
]]></system-out>
    <system-err><![CDATA[WARNING: A Java agent has been loaded dynamically (/Users/hismaili/.m2/repository/net/bytebuddy/byte-buddy-agent/1.14.18/byte-buddy-agent-1.14.18.jar)
WARNING: If a serviceability tool is in use, please run with -XX:+EnableDynamicAgentLoading to hide this warning
WARNING: If a serviceability tool is not in use, please run with -Djdk.instrument.traceUsage for more information
WARNING: Dynamic loading of agents will be disallowed by default in a future release
]]></system-err>
  </testcase>
  <testcase name="execute_persistsDashboardLedgerRowOnFirstRun" classname="com.lifeos.application.usecase.workspace.CreateDashboardServiceIT" time="0.016">
    <system-out><![CDATA[2026-08-05T16:45:23.515+02:00  INFO 65748 --- [           main] c.l.a.u.w.CreateDashboardService         : Dashboard findRootByIdentity for workspace 7c6c1300-4642-4847-8a14-c7c434243844: found=false
2026-08-05T16:45:23.519+02:00  INFO 65748 --- [           main] c.l.a.u.w.CreateDashboardService         : Dashboard step for workspace 7c6c1300-4642-4847-8a14-c7c434243844: priorLedgerId=none, outcome=CREATED
]]></system-out>
  </testcase>
  <testcase name="execute_reachesRepairedOutcomeWhenFakeSimulatesExternalRename" classname="com.lifeos.application.usecase.workspace.CreateDashboardServiceIT" time="0.026">
    <system-out><![CDATA[2026-08-05T16:45:23.530+02:00  INFO 65748 --- [           main] c.l.a.u.w.CreateDashboardService         : Dashboard findRootByIdentity for workspace 5ea38e90-2d04-4d40-b650-29d790ca615d: found=false
2026-08-05T16:45:23.533+02:00  INFO 65748 --- [           main] c.l.a.u.w.CreateDashboardService         : Dashboard step for workspace 5ea38e90-2d04-4d40-b650-29d790ca615d: priorLedgerId=none, outcome=CREATED
2026-08-05T16:45:23.538+02:00  INFO 65748 --- [           main] c.l.a.u.w.CreateDashboardService         : Dashboard verifyPage for workspace 5ea38e90-2d04-4d40-b650-29d790ca615d: notionId=621207b5-6205-41cb-9b99-4c0478327b4e, result=PRESENT_DRIFTED
2026-08-05T16:45:23.544+02:00  INFO 65748 --- [           main] c.l.a.u.w.CreateDashboardService         : Dashboard step for workspace 5ea38e90-2d04-4d40-b650-29d790ca615d: priorLedgerId=621207b5-6205-41cb-9b99-4c0478327b4e, outcome=REPAIRED
]]></system-out>
  </testcase>
</testsuite>