<?xml version="1.0" encoding="UTF-8"?>
<testsuite xmlns:xsi="http://www.w3.org/2001/XMLSchema-instance" xsi:noNamespaceSchemaLocation="https://maven.apache.org/surefire/maven-surefire-plugin/xsd/surefire-test-report-3.0.xsd" version="3.0" name="com.lifeos.application.usecase.workspace.CreateDashboardServiceTest" time="0.019" tests="14" errors="0" skipped="0" failures="0">
  <properties>
[...]
</properties>
  <testcase name="execute_propagatesAmbiguousMatchFailureOnWarmAbsentPath" classname="com.lifeos.application.usecase.workspace.CreateDashboardServiceTest" time="0.002">
    <system-out><![CDATA[01:31:50.540 [main] INFO com.lifeos.application.usecase.workspace.CreateDashboardService -- Dashboard verifyPage for workspace 3c2485ff-f53d-4505-ab3b-3ad75359efeb: notionId=existing-id, result=ABSENT
]]></system-out>
  </testcase>
  <testcase name="execute_isNotAnnotatedTransactional" classname="com.lifeos.application.usecase.workspace.CreateDashboardServiceTest" time="0.001"/>
  <testcase name="execute_usesSameTitleAcrossAllPortCallsInOneRun" classname="com.lifeos.application.usecase.workspace.CreateDashboardServiceTest" time="0.002">
    <system-out><![CDATA[01:31:50.542 [main] INFO com.lifeos.application.usecase.workspace.CreateDashboardService -- Dashboard verifyPage for workspace 41279f89-e362-493c-9483-589910b5c680: notionId=existing-id, result=ABSENT
01:31:50.542 [main] INFO com.lifeos.application.usecase.workspace.CreateDashboardService -- Dashboard step for workspace 41279f89-e362-493c-9483-589910b5c680: priorLedgerId=existing-id, outcome=REPAIRED
]]></system-out>
  </testcase>
  <testcase name="execute_repairsWhenLedgerPresentAndDrifted" classname="com.lifeos.application.usecase.workspace.CreateDashboardServiceTest" time="0.002">
    <system-out><![CDATA[01:31:50.544 [main] INFO com.lifeos.application.usecase.workspace.CreateDashboardService -- Dashboard verifyPage for workspace a0bcb1e1-fe48-4f5d-8b1e-8b87354db8cb: notionId=existing-id, result=PRESENT_DRIFTED
01:31:50.544 [main] INFO com.lifeos.application.usecase.workspace.CreateDashboardService -- Dashboard step for workspace a0bcb1e1-fe48-4f5d-8b1e-8b87354db8cb: priorLedgerId=existing-id, outcome=REPAIRED
]]></system-out>
  </testcase>
  <testcase name="execute_throwsWhenWorkspaceNotFound" classname="com.lifeos.application.usecase.workspace.CreateDashboardServiceTest" time="0.001"/>
  <testcase name="execute_propagatesNotionFailureFromCreateWithoutWritingLedger" classname="com.lifeos.application.usecase.workspace.CreateDashboardServiceTest" time="0.001">
    <system-out><![CDATA[01:31:50.547 [main] INFO com.lifeos.application.usecase.workspace.CreateDashboardService -- Dashboard findRootByIdentity for workspace 7c06f436-a565-4048-b919-2c9c87f3e63c: found=false
]]></system-out>
  </testcase>
  <testcase name="execute_createsWhenNoLedgerAndNoOrphan" classname="com.lifeos.application.usecase.workspace.CreateDashboardServiceTest" time="0.001">
    <system-out><![CDATA[01:31:50.548 [main] INFO com.lifeos.application.usecase.workspace.CreateDashboardService -- Dashboard findRootByIdentity for workspace 26b28197-155e-4d6e-afcc-9f6d270557b2: found=false
01:31:50.548 [main] INFO com.lifeos.application.usecase.workspace.CreateDashboardService -- Dashboard step for workspace 26b28197-155e-4d6e-afcc-9f6d270557b2: priorLedgerId=none, outcome=CREATED
]]></system-out>
  </testcase>
  <testcase name="execute_readoptsWhenLedgerPresentButPageDeletedAndOrphanFound" classname="com.lifeos.application.usecase.workspace.CreateDashboardServiceTest" time="0.001">
    <system-out><![CDATA[01:31:50.549 [main] INFO com.lifeos.application.usecase.workspace.CreateDashboardService -- Dashboard verifyPage for workspace 837550fb-c028-4fb6-a4ef-c93fe7fc9ba5: notionId=existing-id, result=ABSENT
01:31:50.549 [main] INFO com.lifeos.application.usecase.workspace.CreateDashboardService -- Dashboard step for workspace 837550fb-c028-4fb6-a4ef-c93fe7fc9ba5: priorLedgerId=existing-id, outcome=REPAIRED
]]></system-out>
  </testcase>
  <testcase name="execute_neverInvokesDatabaseOrRelationPortMethods" classname="com.lifeos.application.usecase.workspace.CreateDashboardServiceTest" time="0.001">
    <system-out><![CDATA[01:31:50.551 [main] INFO com.lifeos.application.usecase.workspace.CreateDashboardService -- Dashboard findRootByIdentity for workspace a14e0c77-a275-417d-b621-20a5d8aaa8f1: found=false
01:31:50.551 [main] INFO com.lifeos.application.usecase.workspace.CreateDashboardService -- Dashboard step for workspace a14e0c77-a275-417d-b621-20a5d8aaa8f1: priorLedgerId=none, outcome=CREATED
]]></system-out>
  </testcase>
  <testcase name="execute_propagatesNotionFailureFromVerifyWithoutWritingLedger" classname="com.lifeos.application.usecase.workspace.CreateDashboardServiceTest" time="0.0"/>
  <testcase name="execute_reCreatesWhenLedgerPresentButPageDeletedAndNoOrphanFound" classname="com.lifeos.application.usecase.workspace.CreateDashboardServiceTest" time="0.001">
    <system-out><![CDATA[01:31:50.553 [main] INFO com.lifeos.application.usecase.workspace.CreateDashboardService -- Dashboard verifyPage for workspace 2bf38203-1f83-48a6-8455-22821e015e68: notionId=existing-id, result=ABSENT
01:31:50.553 [main] INFO com.lifeos.application.usecase.workspace.CreateDashboardService -- Dashboard step for workspace 2bf38203-1f83-48a6-8455-22821e015e68: priorLedgerId=existing-id, outcome=REPAIRED
]]></system-out>
  </testcase>
  <testcase name="execute_propagatesAmbiguousMatchFailureOnColdPath" classname="com.lifeos.application.usecase.workspace.CreateDashboardServiceTest" time="0.0"/>
  <testcase name="execute_reconcilesWhenLedgerPresentAndMatching" classname="com.lifeos.application.usecase.workspace.CreateDashboardServiceTest" time="0.001">
    <system-out><![CDATA[01:31:50.555 [main] INFO com.lifeos.application.usecase.workspace.CreateDashboardService -- Dashboard verifyPage for workspace 7a4de583-81c5-423a-9d22-304b278fce6a: notionId=existing-id, result=PRESENT_MATCHING
01:31:50.555 [main] INFO com.lifeos.application.usecase.workspace.CreateDashboardService -- Dashboard step for workspace 7a4de583-81c5-423a-9d22-304b278fce6a: priorLedgerId=existing-id, outcome=RECONCILED
]]></system-out>
  </testcase>
  <testcase name="execute_adoptsOrphanWhenNoLedgerAndMatching" classname="com.lifeos.application.usecase.workspace.CreateDashboardServiceTest" time="0.001">
    <system-out><![CDATA[01:31:50.556 [main] INFO com.lifeos.application.usecase.workspace.CreateDashboardService -- Dashboard findRootByIdentity for workspace 9362c1a0-c7cd-46e3-bc9b-9df491dd9687: found=true
01:31:50.556 [main] INFO com.lifeos.application.usecase.workspace.CreateDashboardService -- Dashboard step for workspace 9362c1a0-c7cd-46e3-bc9b-9df491dd9687: priorLedgerId=none, outcome=RECONCILED
]]></system-out>
  </testcase>
</testsuite>