<?xml version="1.0" encoding="UTF-8"?>
<testsuite xmlns:xsi="http://www.w3.org/2001/XMLSchema-instance" xsi:noNamespaceSchemaLocation="https://maven.apache.org/surefire/maven-failsafe-plugin/xsd/failsafe-test-report-3.0.xsd" version="3.0" name="com.lifeos.application.usecase.journal.CreateJournalDatabaseServiceIT" time="4.831" tests="4" errors="0" skipped="0" failures="0">
  <properties>
[...]
</properties>
  <testcase name="execute_convergesToOneRowAcrossThreeReruns" classname="com.lifeos.application.usecase.journal.CreateJournalDatabaseServiceIT" time="0.451">
    <system-out><![CDATA[01:13:40.225 [main] INFO org.springframework.boot.test.context.SpringBootTestContextBootstrapper -- Found @SpringBootConfiguration com.lifeos.LifeOsApplication for test class com.lifeos.application.usecase.journal.CreateJournalDatabaseServiceIT
01:13:40.279 [main] INFO org.testcontainers.images.PullPolicy -- Image pull policy will be performed by: DefaultPullPolicy()
01:13:40.281 [main] INFO org.testcontainers.utility.ImageNameSubstitutor -- Image name substitution will be performed by: DefaultImageNameSubstitutor (composite of 'ConfigurationFileImageNameSubstitutor' and 'PrefixingImageNameSubstitutor')
01:13:40.301 [main] INFO org.testcontainers.DockerClientFactory -- Testcontainers version: 1.20.1
01:13:40.374 [main] INFO org.testcontainers.dockerclient.DockerClientProviderStrategy -- Loaded org.testcontainers.dockerclient.UnixSocketClientProviderStrategy from ~/.testcontainers.properties, will try it first
01:13:40.543 [main] INFO org.testcontainers.dockerclient.DockerClientProviderStrategy -- Found Docker environment with Environment variables, system properties and defaults. Resolved dockerHost=unix:///var/folders/7j/1y40850161s7gh17s6s9k5rh0000gn/T/podman/podman-machine-default-api.sock
01:13:40.543 [main] INFO org.testcontainers.DockerClientFactory -- Docker host IP address is localhost
01:13:40.577 [main] INFO org.testcontainers.DockerClientFactory -- Connected to docker: 
  Server Version: 5.3.2
  API Version: 1.41
  Operating System: fedora
  Total Memory: 1948 MB
01:13:40.578 [main] WARN org.testcontainers.utility.ResourceReaper -- 
********************************************************************************
Ryuk has been disabled. This can cause unexpected behavior in your environment.
********************************************************************************
01:13:40.579 [main] INFO org.testcontainers.DockerClientFactory -- Checking the system...
01:13:40.580 [main] INFO org.testcontainers.DockerClientFactory -- ✔︎ Docker server version should be at least 1.6.0
01:13:40.606 [main] INFO tc.postgres:16-alpine -- Creating container for image: postgres:16-alpine
01:13:40.608 [main] INFO org.testcontainers.utility.RegistryAuthLocator -- Failure when attempting to lookup auth config. Please ignore if you don't have images in an authenticated registry. Details: (dockerImageName: postgres:16-alpine, configFile: /Users/hismaili/.docker/config.json, configEnv: DOCKER_AUTH_CONFIG). Falling back to docker-java default behaviour. Exception message: Status 404: No config supplied. Checked in order: /Users/hismaili/.docker/config.json (file not found), DOCKER_AUTH_CONFIG (not set)
01:13:40.651 [main] INFO tc.postgres:16-alpine -- Container postgres:16-alpine is starting: e47ad34f474dacbe836b68215588fb6cc867b81f4bbd29b510facfc8b011be0b
01:13:41.628 [main] INFO tc.postgres:16-alpine -- Container postgres:16-alpine started in PT1.021408S
01:13:41.628 [main] INFO tc.postgres:16-alpine -- Container is started (JDBC URL: jdbc:postgresql://localhost:43289/test?loggerLevel=OFF)

  .   ____          _            __ _ _
 /\\ / ___'_ __ _ _(_)_ __  __ _ \ \ \ \
( ( )\___ | '_ | '_| | '_ \/ _` | \ \ \ \
 \\/  ___)| |_)| | | | | || (_| |  ) ) ) )
  '  |____| .__|_| |_|_| |_\__, | / / / /
 =========|_|==============|___/=/_/_/_/

 :: Spring Boot ::                (v3.3.2)

2026-08-07T01:13:41.757+02:00  INFO 34591 --- [           main] c.l.a.u.j.CreateJournalDatabaseServiceIT : Starting CreateJournalDatabaseServiceIT using Java 23.0.2 with PID 34591 (started by hismaili in /Users/hismaili/perso/applications/life-os/backend)
2026-08-07T01:13:41.758+02:00  INFO 34591 --- [           main] c.l.a.u.j.CreateJournalDatabaseServiceIT : No active profile set, falling back to 1 default profile: "default"
2026-08-07T01:13:42.100+02:00  INFO 34591 --- [           main] .s.d.r.c.RepositoryConfigurationDelegate : Bootstrapping Spring Data JPA repositories in DEFAULT mode.
2026-08-07T01:13:42.176+02:00  INFO 34591 --- [           main] .s.d.r.c.RepositoryConfigurationDelegate : Finished Spring Data repository scanning in 72 ms. Found 1 JPA repository interface.
2026-08-07T01:13:42.457+02:00  INFO 34591 --- [           main] com.zaxxer.hikari.HikariDataSource       : HikariPool-1 - Starting...
2026-08-07T01:13:42.554+02:00  INFO 34591 --- [           main] com.zaxxer.hikari.pool.HikariPool        : HikariPool-1 - Added connection org.postgresql.jdbc.PgConnection@55682482
2026-08-07T01:13:42.554+02:00  INFO 34591 --- [           main] com.zaxxer.hikari.HikariDataSource       : HikariPool-1 - Start completed.
2026-08-07T01:13:42.575+02:00  INFO 34591 --- [           main] org.flywaydb.core.FlywayExecutor         : Database: jdbc:postgresql://localhost:43289/test (PostgreSQL 16.14)
2026-08-07T01:13:42.613+02:00  INFO 34591 --- [           main] o.f.c.i.s.JdbcTableSchemaHistory         : Schema history table "public"."flyway_schema_history" does not exist yet
2026-08-07T01:13:42.615+02:00  INFO 34591 --- [           main] o.f.core.internal.command.DbValidate     : Successfully validated 1 migration (execution time 00:00.011s)
2026-08-07T01:13:42.633+02:00  INFO 34591 --- [           main] o.f.c.i.s.JdbcTableSchemaHistory         : Creating Schema History table "public"."flyway_schema_history" ...
2026-08-07T01:13:42.674+02:00  INFO 34591 --- [           main] o.f.core.internal.command.DbMigrate      : Current version of schema "public": << Empty Schema >>
2026-08-07T01:13:42.680+02:00  INFO 34591 --- [           main] o.f.core.internal.command.DbMigrate      : Migrating schema "public" to version "1 - create workspace tables"
2026-08-07T01:13:42.705+02:00  INFO 34591 --- [           main] o.f.core.internal.command.DbMigrate      : Successfully applied 1 migration to schema "public", now at version v1 (execution time 00:00.012s)
2026-08-07T01:13:42.756+02:00  INFO 34591 --- [           main] o.hibernate.jpa.internal.util.LogHelper  : HHH000204: Processing PersistenceUnitInfo [name: default]
2026-08-07T01:13:42.780+02:00  INFO 34591 --- [           main] org.hibernate.Version                    : HHH000412: Hibernate ORM core version 6.5.2.Final
2026-08-07T01:13:42.796+02:00  INFO 34591 --- [           main] o.h.c.internal.RegionFactoryInitiator    : HHH000026: Second-level cache disabled
2026-08-07T01:13:42.924+02:00  INFO 34591 --- [           main] o.s.o.j.p.SpringPersistenceUnitInfo      : No LoadTimeWeaver setup: ignoring JPA class transformer
2026-08-07T01:13:43.366+02:00  INFO 34591 --- [           main] o.h.e.t.j.p.i.JtaPlatformInitiator       : HHH000489: No JTA platform available (set 'hibernate.transaction.jta.platform' to enable JTA platform integration)
2026-08-07T01:13:43.368+02:00  INFO 34591 --- [           main] j.LocalContainerEntityManagerFactoryBean : Initialized JPA EntityManagerFactory for persistence unit 'default'
2026-08-07T01:13:43.903+02:00  WARN 34591 --- [           main] org.jline                                : Unable to create a system terminal, creating a dumb terminal (enable debug logging for more information)
2026-08-07T01:13:43.996+02:00  WARN 34591 --- [           main] JpaBaseConfiguration$JpaWebConfiguration : spring.jpa.open-in-view is enabled by default. Therefore, database queries may be performed during view rendering. Explicitly configure spring.jpa.open-in-view to disable this warning
2026-08-07T01:13:44.215+02:00  INFO 34591 --- [           main] c.l.a.u.j.CreateJournalDatabaseServiceIT : Started CreateJournalDatabaseServiceIT in 2.57 seconds (process running for 4.429)
2026-08-07T01:13:44.616+02:00  INFO 34591 --- [           main] c.l.a.u.j.CreateJournalDatabaseService   : Journal database findChildByIdentity for workspace 61131e4b-eace-46ec-a1a2-385bbaaf4b24: found=false
2026-08-07T01:13:44.626+02:00  INFO 34591 --- [           main] c.l.a.u.j.CreateJournalDatabaseService   : Journal database step for workspace 61131e4b-eace-46ec-a1a2-385bbaaf4b24: dashboardId=dashboard-page-id, priorLedgerId=none, outcome=CREATED
2026-08-07T01:13:44.632+02:00  INFO 34591 --- [           main] c.l.a.u.j.CreateJournalDatabaseService   : Journal database verify for workspace 61131e4b-eace-46ec-a1a2-385bbaaf4b24: notionId=013b3103-b234-48f1-a7a5-8364c2150402, result=PRESENT_MATCHING
2026-08-07T01:13:44.632+02:00  INFO 34591 --- [           main] c.l.a.u.j.CreateJournalDatabaseService   : Journal database step for workspace 61131e4b-eace-46ec-a1a2-385bbaaf4b24: dashboardId=dashboard-page-id, priorLedgerId=013b3103-b234-48f1-a7a5-8364c2150402, outcome=RECONCILED
2026-08-07T01:13:44.639+02:00  INFO 34591 --- [           main] c.l.a.u.j.CreateJournalDatabaseService   : Journal database verify for workspace 61131e4b-eace-46ec-a1a2-385bbaaf4b24: notionId=013b3103-b234-48f1-a7a5-8364c2150402, result=PRESENT_MATCHING
2026-08-07T01:13:44.639+02:00  INFO 34591 --- [           main] c.l.a.u.j.CreateJournalDatabaseService   : Journal database step for workspace 61131e4b-eace-46ec-a1a2-385bbaaf4b24: dashboardId=dashboard-page-id, priorLedgerId=013b3103-b234-48f1-a7a5-8364c2150402, outcome=RECONCILED
]]></system-out>
    <system-err><![CDATA[WARNING: A Java agent has been loaded dynamically (/Users/hismaili/.m2/repository/net/bytebuddy/byte-buddy-agent/1.14.18/byte-buddy-agent-1.14.18.jar)
WARNING: If a serviceability tool is in use, please run with -XX:+EnableDynamicAgentLoading to hide this warning
WARNING: If a serviceability tool is not in use, please run with -Djdk.instrument.traceUsage for more information
WARNING: Dynamic loading of agents will be disallowed by default in a future release
]]></system-err>
  </testcase>
  <testcase name="execute_throwsWhenPhaseAIncomplete" classname="com.lifeos.application.usecase.journal.CreateJournalDatabaseServiceIT" time="0.018"/>
  <testcase name="execute_persistsJournalDbLedgerRowOnFirstRun" classname="com.lifeos.application.usecase.journal.CreateJournalDatabaseServiceIT" time="0.03">
    <system-out><![CDATA[2026-08-07T01:13:44.714+02:00  INFO 34591 --- [           main] c.l.a.u.j.CreateJournalDatabaseService   : Journal database findChildByIdentity for workspace 3d286c8f-da54-41ab-a2fb-162a33ae98b8: found=false
2026-08-07T01:13:44.719+02:00  INFO 34591 --- [           main] c.l.a.u.j.CreateJournalDatabaseService   : Journal database step for workspace 3d286c8f-da54-41ab-a2fb-162a33ae98b8: dashboardId=dashboard-page-id, priorLedgerId=none, outcome=CREATED
]]></system-out>
  </testcase>
  <testcase name="execute_reachesRepairedOutcomeWhenFakeSimulatesExternalPropertyRemoval" classname="com.lifeos.application.usecase.journal.CreateJournalDatabaseServiceIT" time="0.045">
    <system-out><![CDATA[2026-08-07T01:13:44.745+02:00  INFO 34591 --- [           main] c.l.a.u.j.CreateJournalDatabaseService   : Journal database findChildByIdentity for workspace 84b6e567-3f13-403e-a37f-993888f97ee2: found=false
2026-08-07T01:13:44.751+02:00  INFO 34591 --- [           main] c.l.a.u.j.CreateJournalDatabaseService   : Journal database step for workspace 84b6e567-3f13-403e-a37f-993888f97ee2: dashboardId=dashboard-page-id, priorLedgerId=none, outcome=CREATED
2026-08-07T01:13:44.756+02:00  INFO 34591 --- [           main] c.l.a.u.j.CreateJournalDatabaseService   : Journal database verify for workspace 84b6e567-3f13-403e-a37f-993888f97ee2: notionId=d74d43a7-e273-4ac1-b207-ad87c9948da9, result=PRESENT_DRIFTED
2026-08-07T01:13:44.767+02:00  INFO 34591 --- [           main] c.l.a.u.j.CreateJournalDatabaseService   : Journal database step for workspace 84b6e567-3f13-403e-a37f-993888f97ee2: dashboardId=dashboard-page-id, priorLedgerId=d74d43a7-e273-4ac1-b207-ad87c9948da9, outcome=REPAIRED
]]></system-out>
  </testcase>
</testsuite>