<?xml version="1.0" encoding="UTF-8"?>
<testsuite xmlns:xsi="http://www.w3.org/2001/XMLSchema-instance" xsi:noNamespaceSchemaLocation="https://maven.apache.org/surefire/maven-failsafe-plugin/xsd/failsafe-test-report-3.0.xsd" version="3.0" name="com.lifeos.application.usecase.knowledge.CreateKnowledgeDatabaseServiceIT" time="1.78" tests="4" errors="0" skipped="0" failures="0">
  <properties>
[...]
</properties>
  <testcase name="execute_convergesToOneRowAcrossThreeReruns" classname="com.lifeos.application.usecase.knowledge.CreateKnowledgeDatabaseServiceIT" time="0.033">
    <system-out><![CDATA[2026-08-07T01:13:52.230+02:00  INFO 34591 --- [           main] .b.t.c.SpringBootTestContextBootstrapper : Found @SpringBootConfiguration com.lifeos.LifeOsApplication for test class com.lifeos.application.usecase.knowledge.CreateKnowledgeDatabaseServiceIT
2026-08-07T01:13:52.231+02:00  INFO 34591 --- [           main] tc.postgres:16-alpine                    : Creating container for image: postgres:16-alpine
2026-08-07T01:13:52.245+02:00  INFO 34591 --- [           main] tc.postgres:16-alpine                    : Container postgres:16-alpine is starting: 6efe6d3bda126a5c49572cc091e0414fdc94e4e853cf65536644d5170d3c66ee
2026-08-07T01:13:53.377+02:00  INFO 34591 --- [           main] tc.postgres:16-alpine                    : Container postgres:16-alpine started in PT1.146517S
2026-08-07T01:13:53.378+02:00  INFO 34591 --- [           main] tc.postgres:16-alpine                    : Container is started (JDBC URL: jdbc:postgresql://localhost:37499/test?loggerLevel=OFF)

  .   ____          _            __ _ _
 /\\ / ___'_ __ _ _(_)_ __  __ _ \ \ \ \
( ( )\___ | '_ | '_| | '_ \/ _` | \ \ \ \
 \\/  ___)| |_)| | | | | || (_| |  ) ) ) )
  '  |____| .__|_| |_|_| |_\__, | / / / /
 =========|_|==============|___/=/_/_/_/

 :: Spring Boot ::                (v3.3.2)

2026-08-07T01:13:53.397+02:00  INFO 34591 --- [           main] l.a.u.k.CreateKnowledgeDatabaseServiceIT : Starting CreateKnowledgeDatabaseServiceIT using Java 23.0.2 with PID 34591 (started by hismaili in /Users/hismaili/perso/applications/life-os/backend)
2026-08-07T01:13:53.397+02:00  INFO 34591 --- [           main] l.a.u.k.CreateKnowledgeDatabaseServiceIT : No active profile set, falling back to 1 default profile: "default"
2026-08-07T01:13:53.466+02:00  INFO 34591 --- [           main] .s.d.r.c.RepositoryConfigurationDelegate : Bootstrapping Spring Data JPA repositories in DEFAULT mode.
2026-08-07T01:13:53.481+02:00  INFO 34591 --- [           main] .s.d.r.c.RepositoryConfigurationDelegate : Finished Spring Data repository scanning in 13 ms. Found 1 JPA repository interface.
2026-08-07T01:13:53.510+02:00  INFO 34591 --- [           main] com.zaxxer.hikari.HikariDataSource       : HikariPool-6 - Starting...
2026-08-07T01:13:53.528+02:00  INFO 34591 --- [           main] com.zaxxer.hikari.pool.HikariPool        : HikariPool-6 - Added connection org.postgresql.jdbc.PgConnection@3d02debf
2026-08-07T01:13:53.528+02:00  INFO 34591 --- [           main] com.zaxxer.hikari.HikariDataSource       : HikariPool-6 - Start completed.
2026-08-07T01:13:53.529+02:00  INFO 34591 --- [           main] org.flywaydb.core.FlywayExecutor         : Database: jdbc:postgresql://localhost:37499/test (PostgreSQL 16.14)
2026-08-07T01:13:53.536+02:00  INFO 34591 --- [           main] o.f.c.i.s.JdbcTableSchemaHistory         : Schema history table "public"."flyway_schema_history" does not exist yet
2026-08-07T01:13:53.537+02:00  INFO 34591 --- [           main] o.f.core.internal.command.DbValidate     : Successfully validated 1 migration (execution time 00:00.002s)
2026-08-07T01:13:53.543+02:00  INFO 34591 --- [           main] o.f.c.i.s.JdbcTableSchemaHistory         : Creating Schema History table "public"."flyway_schema_history" ...
2026-08-07T01:13:53.561+02:00  INFO 34591 --- [           main] o.f.core.internal.command.DbMigrate      : Current version of schema "public": << Empty Schema >>
2026-08-07T01:13:53.563+02:00  INFO 34591 --- [           main] o.f.core.internal.command.DbMigrate      : Migrating schema "public" to version "1 - create workspace tables"
2026-08-07T01:13:53.578+02:00  INFO 34591 --- [           main] o.f.core.internal.command.DbMigrate      : Successfully applied 1 migration to schema "public", now at version v1 (execution time 00:00.009s)
2026-08-07T01:13:53.587+02:00  INFO 34591 --- [           main] o.hibernate.jpa.internal.util.LogHelper  : HHH000204: Processing PersistenceUnitInfo [name: default]
2026-08-07T01:13:53.588+02:00  INFO 34591 --- [           main] o.h.c.internal.RegionFactoryInitiator    : HHH000026: Second-level cache disabled
2026-08-07T01:13:53.592+02:00  INFO 34591 --- [           main] o.s.o.j.p.SpringPersistenceUnitInfo      : No LoadTimeWeaver setup: ignoring JPA class transformer
2026-08-07T01:13:53.618+02:00  INFO 34591 --- [           main] o.h.e.t.j.p.i.JtaPlatformInitiator       : HHH000489: No JTA platform available (set 'hibernate.transaction.jta.platform' to enable JTA platform integration)
2026-08-07T01:13:53.618+02:00  INFO 34591 --- [           main] j.LocalContainerEntityManagerFactoryBean : Initialized JPA EntityManagerFactory for persistence unit 'default'
2026-08-07T01:13:53.756+02:00  WARN 34591 --- [           main] org.jline                                : Unable to create a system terminal, creating a dumb terminal (enable debug logging for more information)
2026-08-07T01:13:53.771+02:00  WARN 34591 --- [           main] JpaBaseConfiguration$JpaWebConfiguration : spring.jpa.open-in-view is enabled by default. Therefore, database queries may be performed during view rendering. Explicitly configure spring.jpa.open-in-view to disable this warning
2026-08-07T01:13:53.800+02:00  INFO 34591 --- [           main] l.a.u.k.CreateKnowledgeDatabaseServiceIT : Started CreateKnowledgeDatabaseServiceIT in 0.419 seconds (process running for 14.013)
2026-08-07T01:13:53.821+02:00  INFO 34591 --- [           main] c.l.a.u.k.CreateKnowledgeDatabaseService : Knowledge database findChildByIdentity for workspace 608b8b7a-ace1-4949-a4bb-ce154f89480f: found=false
2026-08-07T01:13:53.826+02:00  INFO 34591 --- [           main] c.l.a.u.k.CreateKnowledgeDatabaseService : Knowledge database step for workspace 608b8b7a-ace1-4949-a4bb-ce154f89480f: dashboardId=dashboard-page-id, priorLedgerId=none, outcome=CREATED
2026-08-07T01:13:53.828+02:00  INFO 34591 --- [           main] c.l.a.u.k.CreateKnowledgeDatabaseService : Knowledge database verify for workspace 608b8b7a-ace1-4949-a4bb-ce154f89480f: notionId=e0cea722-468e-4c15-8e3b-db92d0312c7b, result=PRESENT_MATCHING
2026-08-07T01:13:53.828+02:00  INFO 34591 --- [           main] c.l.a.u.k.CreateKnowledgeDatabaseService : Knowledge database step for workspace 608b8b7a-ace1-4949-a4bb-ce154f89480f: dashboardId=dashboard-page-id, priorLedgerId=e0cea722-468e-4c15-8e3b-db92d0312c7b, outcome=RECONCILED
2026-08-07T01:13:53.831+02:00  INFO 34591 --- [           main] c.l.a.u.k.CreateKnowledgeDatabaseService : Knowledge database verify for workspace 608b8b7a-ace1-4949-a4bb-ce154f89480f: notionId=e0cea722-468e-4c15-8e3b-db92d0312c7b, result=PRESENT_MATCHING
2026-08-07T01:13:53.831+02:00  INFO 34591 --- [           main] c.l.a.u.k.CreateKnowledgeDatabaseService : Knowledge database step for workspace 608b8b7a-ace1-4949-a4bb-ce154f89480f: dashboardId=dashboard-page-id, priorLedgerId=e0cea722-468e-4c15-8e3b-db92d0312c7b, outcome=RECONCILED
]]></system-out>
  </testcase>
  <testcase name="execute_throwsWhenPhaseAIncomplete" classname="com.lifeos.application.usecase.knowledge.CreateKnowledgeDatabaseServiceIT" time="0.008"/>
  <testcase name="execute_reachesRepairedOutcomeWhenFakeSimulatesExternalPropertyRemoval" classname="com.lifeos.application.usecase.knowledge.CreateKnowledgeDatabaseServiceIT" time="0.023">
    <system-out><![CDATA[2026-08-07T01:13:53.851+02:00  INFO 34591 --- [           main] c.l.a.u.k.CreateKnowledgeDatabaseService : Knowledge database findChildByIdentity for workspace 8edf8b28-27bf-44b3-b12d-8a098e8b5038: found=false
2026-08-07T01:13:53.854+02:00  INFO 34591 --- [           main] c.l.a.u.k.CreateKnowledgeDatabaseService : Knowledge database step for workspace 8edf8b28-27bf-44b3-b12d-8a098e8b5038: dashboardId=dashboard-page-id, priorLedgerId=none, outcome=CREATED
2026-08-07T01:13:53.859+02:00  INFO 34591 --- [           main] c.l.a.u.k.CreateKnowledgeDatabaseService : Knowledge database verify for workspace 8edf8b28-27bf-44b3-b12d-8a098e8b5038: notionId=5c9fb2e0-57dd-455d-afbb-fc19d7d3c644, result=PRESENT_DRIFTED
2026-08-07T01:13:53.863+02:00  INFO 34591 --- [           main] c.l.a.u.k.CreateKnowledgeDatabaseService : Knowledge database step for workspace 8edf8b28-27bf-44b3-b12d-8a098e8b5038: dashboardId=dashboard-page-id, priorLedgerId=5c9fb2e0-57dd-455d-afbb-fc19d7d3c644, outcome=REPAIRED
]]></system-out>
  </testcase>
  <testcase name="execute_persistsKnowledgeDbLedgerRowOnFirstRun" classname="com.lifeos.application.usecase.knowledge.CreateKnowledgeDatabaseServiceIT" time="0.013">
    <system-out><![CDATA[2026-08-07T01:13:53.875+02:00  INFO 34591 --- [           main] c.l.a.u.k.CreateKnowledgeDatabaseService : Knowledge database findChildByIdentity for workspace 312a769d-5a34-4b42-8c56-e1016ed6120a: found=false
2026-08-07T01:13:53.877+02:00  INFO 34591 --- [           main] c.l.a.u.k.CreateKnowledgeDatabaseService : Knowledge database step for workspace 312a769d-5a34-4b42-8c56-e1016ed6120a: dashboardId=dashboard-page-id, priorLedgerId=none, outcome=CREATED
]]></system-out>
  </testcase>
</testsuite>